[debug] ----------------------------------------------------------------------
[debug] Command:      C:\Program Files\nodejs\node.exe C:\Users\ejchen\AppData\Roaming\npm\node_modules\firebase-tools\bin\firebase serve
[debug] CLI Version:  3.5.0
[debug] Platform:     win32
[debug] Node Version: v6.10.0
[debug] Time:         Sun Mar 26 2017 20:29:49 GMT-0400 (Eastern Daylight Time)
[debug] ----------------------------------------------------------------------
[debug] 
[info] Starting Firebase development server...
[info] 
[info] Project Directory: C:\Users\ejchen\TheWalkableClassroom
[info] Public Directory: Card_Maker
[info] 
[info] Server listening at: http://localhost:5000
[debug] ----------------------------------------------------------------------
[debug] Command:      C:\Program Files\nodejs\node.exe C:\Users\ejchen\AppData\Roaming\npm\node_modules\firebase-tools\bin\firebase serve
[debug] CLI Version:  3.5.0
[debug] Platform:     win32
[debug] Node Version: v6.10.0
[debug] Time:         Sun Mar 26 2017 20:30:25 GMT-0400 (Eastern Daylight Time)
[debug] ----------------------------------------------------------------------
[debug] 
[info] Starting Firebase development server...
[info] 
[info] Project Directory: C:\Users\ejchen\TheWalkableClassroom
[info] Public Directory: Card_Maker
[info] 
[info] Server listening at: http://localhost:5000
[debug] ----------------------------------------------------------------------
[debug] Command:      C:\Program Files\nodejs\node.exe C:\Users\ejchen\AppData\Roaming\npm\node_modules\firebase-tools\bin\firebase serve
[debug] CLI Version:  3.5.0
[debug] Platform:     win32
[debug] Node Version: v6.10.0
[debug] Time:         Sun Mar 26 2017 20:30:50 GMT-0400 (Eastern Daylight Time)
[debug] ----------------------------------------------------------------------
[debug] 
[info] Starting Firebase development server...
[info] 
[info] Project Directory: C:\Users\ejchen\TheWalkableClassroom
[info] Public Directory: Card_Maker
[info] 
[info] Server listening at: http://localhost:5000
[debug] ----------------------------------------------------------------------
[debug] Command:      C:\Program Files\nodejs\node.exe C:\Users\ejchen\AppData\Roaming\npm\node_modules\firebase-tools\bin\firebase serve
[debug] CLI Version:  3.5.0
[debug] Platform:     win32
[debug] Node Version: v6.10.0
[debug] Time:         Sun Mar 26 2017 20:38:25 GMT-0400 (Eastern Daylight Time)
[debug] ----------------------------------------------------------------------
[debug] 
[info] Starting Firebase development server...
[info] 
[info] Project Directory: C:\Users\ejchen\TheWalkableClassroom
[info] Public Directory: Card_Maker
[info] 
[info] Server listening at: http://localhost:5000
[debug] ----------------------------------------------------------------------
[debug] Command:      C:\Program Files\nodejs\node.exe C:\Users\ejchen\AppData\Roaming\npm\node_modules\firebase-tools\bin\firebase serve
[debug] CLI Version:  3.5.0
[debug] Platform:     win32
[debug] Node Version: v6.10.0
[debug] Time:         Sun Mar 26 2017 20:38:41 GMT-0400 (Eastern Daylight Time)
[debug] ----------------------------------------------------------------------
[debug] 
[info] Starting Firebase development server...
[info] 
[info] Project Directory: C:\Users\ejchen\TheWalkableClassroom
[info] Public Directory: Card_Maker
[info] 
[info] Server listening at: http://localhost:5000
[debug] ----------------------------------------------------------------------
[debug] Command:      C:\Program Files\nodejs\node.exe C:\Users\ejchen\AppData\Roaming\npm\node_modules\firebase-tools\bin\firebase serve
[debug] CLI Version:  3.5.0
[debug] Platform:     win32
[debug] Node Version: v6.10.0
[debug] Time:         Sun Mar 26 2017 21:04:09 GMT-0400 (Eastern Daylight Time)
[debug] ----------------------------------------------------------------------
[debug] 
[info] Starting Firebase development server...
[info] 
[info] Project Directory: C:\Users\ejchen\TheWalkableClassroom
[info] Public Directory: Card_Maker
[info] 
[info] Server listening at: http://localhost:5000
[debug] ----------------------------------------------------------------------
[debug] Command:      C:\Program Files\nodejs\node.exe C:\Users\ejchen\AppData\Roaming\npm\node_modules\firebase-tools\bin\firebase serve
[debug] CLI Version:  3.5.0
[debug] Platform:     win32
[debug] Node Version: v6.10.0
[debug] Time:         Sun Mar 26 2017 21:05:05 GMT-0400 (Eastern Daylight Time)
[debug] ----------------------------------------------------------------------
[debug] 
[info] Starting Firebase development server...
[info] 
[info] Project Directory: C:\Users\ejchen\TheWalkableClassroom
[info] Public Directory: Card_Maker
[info] 
[info] Server listening at: http://localhost:5000
[debug] ----------------------------------------------------------------------
[debug] Command:      C:\Program Files\nodejs\node.exe C:\Users\ejchen\AppData\Roaming\npm\node_modules\firebase-tools\bin\firebase serve
[debug] CLI Version:  3.5.0
[debug] Platform:     win32
[debug] Node Version: v6.10.0
[debug] Time:         Sun Mar 26 2017 21:05:29 GMT-0400 (Eastern Daylight Time)
[debug] ----------------------------------------------------------------------
[debug] 
[info] Starting Firebase development server...
[info] 
[info] Project Directory: C:\Users\ejchen\TheWalkableClassroom
[info] Public Directory: Card_Maker
[info] 
[info] Server listening at: http://localhost:5000
[debug] ----------------------------------------------------------------------
[debug] Command:      C:\Program Files\nodejs\node.exe C:\Users\ejchen\AppData\Roaming\npm\node_modules\firebase-tools\bin\firebase serve
[debug] CLI Version:  3.5.0
[debug] Platform:     win32
[debug] Node Version: v6.10.0
[debug] Time:         Sun Mar 26 2017 21:05:55 GMT-0400 (Eastern Daylight Time)
[debug] ----------------------------------------------------------------------
[debug] 
[info] Starting Firebase development server...
[info] 
[info] Project Directory: C:\Users\ejchen\TheWalkableClassroom
[info] Public Directory: Card_Maker
[info] 
[info] Server listening at: http://localhost:5000
[debug] ----------------------------------------------------------------------
[debug] Command:      C:\Program Files\nodejs\node.exe C:\Users\ejchen\AppData\Roaming\npm\node_modules\firebase-tools\bin\firebase serve
[debug] CLI Version:  3.5.0
[debug] Platform:     win32
[debug] Node Version: v6.10.0
[debug] Time:         Sun Mar 26 2017 21:07:21 GMT-0400 (Eastern Daylight Time)
[debug] ----------------------------------------------------------------------
[debug] 
[info] Starting Firebase development server...
[info] 
[info] Project Directory: C:\Users\ejchen\TheWalkableClassroom
[info] Public Directory: Card_Maker
[info] 
[info] Server listening at: http://localhost:5000
[debug] ----------------------------------------------------------------------
[debug] Command:      C:\Program Files\nodejs\node.exe C:\Users\ejchen\AppData\Roaming\npm\node_modules\firebase-tools\bin\firebase serve
[debug] CLI Version:  3.5.0
[debug] Platform:     win32
[debug] Node Version: v6.10.0
[debug] Time:         Sun Mar 26 2017 21:08:05 GMT-0400 (Eastern Daylight Time)
[debug] ----------------------------------------------------------------------
[debug] 
[info] Starting Firebase development server...
[info] 
[info] Project Directory: C:\Users\ejchen\TheWalkableClassroom
[info] Public Directory: Card_Maker
[info] 
[info] Server listening at: http://localhost:5000
[debug] ----------------------------------------------------------------------
[debug] Command:      C:\Program Files\nodejs\node.exe C:\Users\ejchen\AppData\Roaming\npm\node_modules\firebase-tools\bin\firebase serve
[debug] CLI Version:  3.5.0
[debug] Platform:     win32
[debug] Node Version: v6.10.0
[debug] Time:         Sun Mar 26 2017 21:12:17 GMT-0400 (Eastern Daylight Time)
[debug] ----------------------------------------------------------------------
[debug] 
[info] Starting Firebase development server...
[info] 
[info] Project Directory: C:\Users\ejchen\TheWalkableClassroom
[info] Public Directory: Card_Maker
[info] 
[info] Server listening at: http://localhost:5000
[debug] ----------------------------------------------------------------------
[debug] Command:      C:\Program Files\nodejs\node.exe C:\Users\ejchen\AppData\Roaming\npm\node_modules\firebase-tools\bin\firebase serve
[debug] CLI Version:  3.5.0
[debug] Platform:     win32
[debug] Node Version: v6.10.0
[debug] Time:         Sun Mar 26 2017 21:15:36 GMT-0400 (Eastern Daylight Time)
[debug] ----------------------------------------------------------------------
[debug] 
[info] Starting Firebase development server...
[info] 
[info] Project Directory: C:\Users\ejchen\TheWalkableClassroom
[info] Public Directory: Card_Maker
[info] 
[info] Server listening at: http://localhost:5000
[debug] ----------------------------------------------------------------------
[debug] Command:      C:\Program Files\nodejs\node.exe C:\Users\ejchen\AppData\Roaming\npm\node_modules\firebase-tools\bin\firebase serve
[debug] CLI Version:  3.5.0
[debug] Platform:     win32
[debug] Node Version: v6.10.0
[debug] Time:         Sun Mar 26 2017 21:17:39 GMT-0400 (Eastern Daylight Time)
[debug] ----------------------------------------------------------------------
[debug] 
[info] Starting Firebase development server...
[info] 
[info] Project Directory: C:\Users\ejchen\TheWalkableClassroom
[info] Public Directory: Card_Maker
[info] 
[info] Server listening at: http://localhost:5000
[debug] ----------------------------------------------------------------------
[debug] Command:      C:\Program Files\nodejs\node.exe C:\Users\ejchen\AppData\Roaming\npm\node_modules\firebase-tools\bin\firebase serve
[debug] CLI Version:  3.5.0
[debug] Platform:     win32
[debug] Node Version: v6.10.0
[debug] Time:         Sun Mar 26 2017 21:21:49 GMT-0400 (Eastern Daylight Time)
[debug] ----------------------------------------------------------------------
[debug] 
[info] Starting Firebase development server...
[info] 
[info] Project Directory: C:\Users\ejchen\TheWalkableClassroom
[info] Public Directory: Card_Maker
[info] 
[info] Server listening at: http://localhost:5000
[debug] ----------------------------------------------------------------------
[debug] Command:      C:\Program Files\nodejs\node.exe C:\Users\ejchen\AppData\Roaming\npm\node_modules\firebase-tools\bin\firebase serve
[debug] CLI Version:  3.5.0
[debug] Platform:     win32
[debug] Node Version: v6.10.0
[debug] Time:         Sun Mar 26 2017 21:31:29 GMT-0400 (Eastern Daylight Time)
[debug] ----------------------------------------------------------------------
[debug] 
[info] Starting Firebase development server...
[info] 
[info] Project Directory: C:\Users\ejchen\TheWalkableClassroom
[info] Public Directory: Card_Maker
[info] 
[info] Server listening at: http://localhost:5000
[debug] ----------------------------------------------------------------------
[debug] Command:      C:\Program Files\nodejs\node.exe C:\Users\ejchen\AppData\Roaming\npm\node_modules\firebase-tools\bin\firebase serve
[debug] CLI Version:  3.5.0
[debug] Platform:     win32
[debug] Node Version: v6.10.0
[debug] Time:         Sun Mar 26 2017 21:33:25 GMT-0400 (Eastern Daylight Time)
[debug] ----------------------------------------------------------------------
[debug] 
[info] Starting Firebase development server...
[info] 
[info] Project Directory: C:\Users\ejchen\TheWalkableClassroom
[info] Public Directory: Card_Maker
[info] 
[info] Server listening at: http://localhost:5000
[debug] ----------------------------------------------------------------------
[debug] Command:      C:\Program Files\nodejs\node.exe C:\Users\ejchen\AppData\Roaming\npm\node_modules\firebase-tools\bin\firebase serve
[debug] CLI Version:  3.5.0
[debug] Platform:     win32
[debug] Node Version: v6.10.0
[debug] Time:         Sun Mar 26 2017 21:35:47 GMT-0400 (Eastern Daylight Time)
[debug] ----------------------------------------------------------------------
[debug] 
[info] Starting Firebase development server...
[info] 
[info] Project Directory: C:\Users\ejchen\TheWalkableClassroom
[info] Public Directory: Card_Maker
[info] 
[info] Server listening at: http://localhost:5000
[debug] ----------------------------------------------------------------------
[debug] Command:      C:\Program Files\nodejs\node.exe C:\Users\ejchen\AppData\Roaming\npm\node_modules\firebase-tools\bin\firebase serve
[debug] CLI Version:  3.5.0
[debug] Platform:     win32
[debug] Node Version: v6.10.0
[debug] Time:         Sun Mar 26 2017 21:40:10 GMT-0400 (Eastern Daylight Time)
[debug] ----------------------------------------------------------------------
[debug] 
[info] Starting Firebase development server...
[info] 
[info] Project Directory: C:\Users\ejchen\TheWalkableClassroom
[info] Public Directory: Card_Maker
[info] 
[info] Server listening at: http://localhost:5000
[debug] ----------------------------------------------------------------------
[debug] Command:      C:\Program Files\nodejs\node.exe C:\Users\ejchen\AppData\Roaming\npm\node_modules\firebase-tools\bin\firebase serve
[debug] CLI Version:  3.5.0
[debug] Platform:     win32
[debug] Node Version: v6.10.0
[debug] Time:         Sun Mar 26 2017 21:42:49 GMT-0400 (Eastern Daylight Time)
[debug] ----------------------------------------------------------------------
[debug] 
[info] Starting Firebase development server...
[info] 
[info] Project Directory: C:\Users\ejchen\TheWalkableClassroom
[info] Public Directory: Card_Maker
[info] 
[info] Server listening at: http://localhost:5000
[debug] ----------------------------------------------------------------------
[debug] Command:      C:\Program Files\nodejs\node.exe C:\Users\ejchen\AppData\Roaming\npm\node_modules\firebase-tools\bin\firebase serve
[debug] CLI Version:  3.5.0
[debug] Platform:     win32
[debug] Node Version: v6.10.0
[debug] Time:         Sun Mar 26 2017 21:43:41 GMT-0400 (Eastern Daylight Time)
[debug] ----------------------------------------------------------------------
[debug] 
[info] Starting Firebase development server...
[info] 
[info] Project Directory: C:\Users\ejchen\TheWalkableClassroom
[info] Public Directory: Card_Maker
[info] 
[info] Server listening at: http://localhost:5000
[debug] ----------------------------------------------------------------------
[debug] Command:      C:\Program Files\nodejs\node.exe C:\Users\ejchen\AppData\Roaming\npm\node_modules\firebase-tools\bin\firebase serve
[debug] CLI Version:  3.5.0
[debug] Platform:     win32
[debug] Node Version: v6.10.0
[debug] Time:         Sun Mar 26 2017 21:43:56 GMT-0400 (Eastern Daylight Time)
[debug] ----------------------------------------------------------------------
[debug] 
[info] Starting Firebase development server...
[info] 
[info] Project Directory: C:\Users\ejchen\TheWalkableClassroom
[info] Public Directory: Card_Maker
[info] 
[info] Server listening at: http://localhost:5000
[debug] ----------------------------------------------------------------------
[debug] Command:      C:\Program Files\nodejs\node.exe C:\Users\ejchen\AppData\Roaming\npm\node_modules\firebase-tools\bin\firebase serve
[debug] CLI Version:  3.5.0
[debug] Platform:     win32
[debug] Node Version: v6.10.0
[debug] Time:         Sun Mar 26 2017 21:44:42 GMT-0400 (Eastern Daylight Time)
[debug] ----------------------------------------------------------------------
[debug] 
[info] Starting Firebase development server...
[info] 
[info] Project Directory: C:\Users\ejchen\TheWalkableClassroom
[info] Public Directory: Card_Maker
[info] 
[info] Server listening at: http://localhost:5000
[debug] ----------------------------------------------------------------------
[debug] Command:      C:\Program Files\nodejs\node.exe C:\Users\ejchen\AppData\Roaming\npm\node_modules\firebase-tools\bin\firebase serve
[debug] CLI Version:  3.5.0
[debug] Platform:     win32
[debug] Node Version: v6.10.0
[debug] Time:         Sun Mar 26 2017 21:45:25 GMT-0400 (Eastern Daylight Time)
[debug] ----------------------------------------------------------------------
[debug] 
[info] Starting Firebase development server...
[info] 
[info] Project Directory: C:\Users\ejchen\TheWalkableClassroom
[info] Public Directory: Card_Maker
[info] 
[info] Server listening at: http://localhost:5000
[debug] ----------------------------------------------------------------------
[debug] Command:      C:\Program Files\nodejs\node.exe C:\Users\ejchen\AppData\Roaming\npm\node_modules\firebase-tools\bin\firebase serve
[debug] CLI Version:  3.5.0
[debug] Platform:     win32
[debug] Node Version: v6.10.0
[debug] Time:         Sun Mar 26 2017 21:48:03 GMT-0400 (Eastern Daylight Time)
[debug] ----------------------------------------------------------------------
[debug] 
[info] Starting Firebase development server...
[info] 
[info] Project Directory: C:\Users\ejchen\TheWalkableClassroom
[info] Public Directory: Card_Maker
[info] 
[info] Server listening at: http://localhost:5000
[debug] ----------------------------------------------------------------------
[debug] Command:      C:\Program Files\nodejs\node.exe C:\Users\ejchen\AppData\Roaming\npm\node_modules\firebase-tools\bin\firebase serve
[debug] CLI Version:  3.5.0
[debug] Platform:     win32
[debug] Node Version: v6.10.0
[debug] Time:         Sun Mar 26 2017 21:49:26 GMT-0400 (Eastern Daylight Time)
[debug] ----------------------------------------------------------------------
[debug] 
[info] Starting Firebase development server...
[info] 
[info] Project Directory: C:\Users\ejchen\TheWalkableClassroom
[info] Public Directory: Card_Maker
[info] 
[info] Server listening at: http://localhost:5000
[debug] ----------------------------------------------------------------------
[debug] Command:      C:\Program Files\nodejs\node.exe C:\Users\ejchen\AppData\Roaming\npm\node_modules\firebase-tools\bin\firebase serve
[debug] CLI Version:  3.5.0
[debug] Platform:     win32
[debug] Node Version: v6.10.0
[debug] Time:         Sun Mar 26 2017 21:51:38 GMT-0400 (Eastern Daylight Time)
[debug] ----------------------------------------------------------------------
[debug] 
[info] Starting Firebase development server...
[info] 
[info] Project Directory: C:\Users\ejchen\TheWalkableClassroom
[info] Public Directory: Card_Maker
[info] 
[info] Server listening at: http://localhost:5000
