0 info it worked if it ends with ok
1 verbose cli [ 'C:\\Program Files\\nodejs\\node.exe',
1 verbose cli   'C:\\Program Files\\nodejs\\node_modules\\npm\\bin\\npm-cli.js',
1 verbose cli   'install',
1 verbose cli   'favicon.ico',
1 verbose cli   '--save' ]
2 info using npm@3.10.10
3 info using node@v6.10.0
4 verbose config Skipping project config: C:\Users\ejchen/.npmrc. (matches userconfig)
5 silly loadCurrentTree Starting
6 silly install loadCurrentTree
7 silly install readLocalPackageData
8 silly fetchPackageMetaData favicon.ico
9 silly fetchOtherPackageData favicon.ico
10 silly cache add args [ 'favicon.ico', null ]
11 verbose cache add spec favicon.ico
12 silly cache add parsed spec Result {
12 silly cache add   raw: 'favicon.ico',
12 silly cache add   scope: null,
12 silly cache add   escapedName: null,
12 silly cache add   name: null,
12 silly cache add   rawSpec: 'favicon.ico',
12 silly cache add   spec: 'C:\\Users\\ejchen\\TheWalkableClassroom\\favicon.ico',
12 silly cache add   type: 'local' }
13 error addLocal Could not install C:\Users\ejchen\TheWalkableClassroom\favicon.ico
14 silly fetchPackageMetaData Error: ENOENT: no such file or directory, open 'C:\Users\ejchen\TheWalkableClassroom\favicon.ico'
14 silly fetchPackageMetaData     at Error (native)
14 silly fetchPackageMetaData  error for favicon.ico { Error: ENOENT: no such file or directory, open 'C:\Users\ejchen\TheWalkableClassroom\favicon.ico'
14 silly fetchPackageMetaData     at Error (native)
14 silly fetchPackageMetaData   errno: -4058,
14 silly fetchPackageMetaData   code: 'ENOENT',
14 silly fetchPackageMetaData   syscall: 'open',
14 silly fetchPackageMetaData   path: 'C:\\Users\\ejchen\\TheWalkableClassroom\\favicon.ico' }
15 silly rollbackFailedOptional Starting
16 silly rollbackFailedOptional Finishing
17 silly runTopLevelLifecycles Finishing
18 silly install printInstalled
19 verbose stack Error: ENOENT: no such file or directory, open 'C:\Users\ejchen\TheWalkableClassroom\favicon.ico'
19 verbose stack     at Error (native)
20 verbose cwd C:\Users\ejchen\TheWalkableClassroom
21 error Windows_NT 10.0.14393
22 error argv "C:\\Program Files\\nodejs\\node.exe" "C:\\Program Files\\nodejs\\node_modules\\npm\\bin\\npm-cli.js" "install" "favicon.ico" "--save"
23 error node v6.10.0
24 error npm  v3.10.10
25 error path C:\Users\ejchen\TheWalkableClassroom\favicon.ico
26 error code ENOENT
27 error errno -4058
28 error syscall open
29 error enoent ENOENT: no such file or directory, open 'C:\Users\ejchen\TheWalkableClassroom\favicon.ico'
30 error enoent ENOENT: no such file or directory, open 'C:\Users\ejchen\TheWalkableClassroom\favicon.ico'
30 error enoent This is most likely not a problem with npm itself
30 error enoent and is related to npm not being able to find a file.
31 verbose exit [ -4058, true ]
